[    0.000000 Intiliin cgroup bss puet
[   0.0000 Iitialiin crop ubsys cpu    000000] Iniialzing cgroup subsys cpuacct
[    0.000000] Linux version 4.4.0-139generic (buildd@lcy01-amd64-006) (gcc version 5.4.0 20160609 (Ubuntu 5.4.0-6ubuntu1~16.04.10) ) #165-Ubuntu SMP Wed Oct 24 10:58:50 UTC 2018 (Ubuntu 4.4.0-139.165-generic 4.4.160)
[    0.000000] Command line: BOOT_IMAGE=/boot/vmlinuz-4.4.-139-generic rot=LABEL=cloudimg-rootfs ro console=tty1 console=ttyS0
[    0.000000] KERNEL supported cpus:
[    0.000000]   Intel GenuineIntel
[    0.000000]   AMD AuthenticAMD
[    0.000000]   Centaur CentaurHauls
[    0.000000] x86/fpu: xstate_offset[2]:  576, xstate_sizes[2]:  256
[    0.000000] x86/fpu: Supporting XSAVE feature 0x01: 'x87 floating point resters'
[    0.000000] x86/fpu: Supporting XSAVE feature 0x02: 'SSE registers'
[    0.000000] x86/fpu: Supporting XSAVE feature 0x04: 'AVX regists'
[    0.00000] x86/fpu: Enabled xstate features 0x7, context size is 832 bytes, using 'standard' format.
[    0.000000] e820: BIOS-provided physical RAM map:
[    0.000000] BIOS-e820: [mem 0x000000000000000-0000000000009fbff] usable
[    0.000000] BIOS820: [mem 0x000000000009fc00-0x0000000009ffff] reserved
[    0.000000] BIOS-e820: [mem 0x00000000000f0000-0x00000000000fffff] reserved
[    0000000] BIOS-e20: [mem 0x0000000000100000-0x000000001ffeffff] usable
[    0.000000] BIOS-e820: [mem 0x000000001fff0000-0x000000001fffffff] ACPI data
[    0.000000] BIOS-e820: [mem 0x00000000fec00000-0x000000fec00fff] reserved
[    0.000000] BIOS-e820: [mem 0x00000000fee00000-0x00000000fee00fff] reserved
[     0.000000] BIOS-e820: [mem 0x00000000fffc0000-0x00000000ffffffff] reserved
[    0.000000] NX (Execute Disable) protection: active
[    0.000000] SMBIOS 2.5 present.
[    0.000000] Hypvior detected: KVM
[    0.000000] e820 last_pfn  01ff0max_arch_pfn = 0x400000000
[    0.000000] MTRR: Disabled
[    0.000000] x86/PA: TRs isabld, skipping PAT initialization too.
[    0.000000] CPU MTRRs all blank - virtualized system.
[    0.000000] x86/PAT: Configuration [0-7]: WB  WT  UC- UC  WB  WT  UC- UC  
[    0.000000] found SMP MP-table at [mem 009fff0-0x0009ffff] mapped at [ffff88000009fff0]
[   .0000]Scanning 1 areas for low memory cruptin[    0.0000 RMDSK: [mem0xe8200-0x1753fff]
[    0.000000] ACPI: Early table checksum rification disabed
    0.000000] ACPI: RSDP 0x00000000000E0000 000024 (v02 VBOX  )
[    0.000000] ACPI: XSDT 0x000000001FFF0030 00003C (v01 VBOX   VBOXXSDT 00000001 ASL  00000061)
[    0.000000] ACPI: FP x000000001FFF00F0 0000F4 (v04 VBOX   VBOXFACP 00000001 ASL  00000061)
[    0.000000] ACPI: DSDT 0x000000001FFF0470 0021FF (v02 VBOX   VBOXBIOS 00000002 INTL 20100528)
[    0.000000] ACPI: FACS 0x000000001FFF0200 000040
[    0.000000] ACPI: FACS 0x000000001FFF0200 000040
[    0.000000] ACPI: APIC 0x000000001FFF0240 00005C (v02 VBOX   VBOXAPIC 00000001 ASL  00000061)
[    0.000000] ACI:: SSD0x00000001FFF02A0 0001CC (v01 VBOX   VBOXCPUT 00000002 INTL 20100528)
[    0.000000] No NUMA configuration found
[    0.000000] Faking a node at [mem 0x0000000000000000-0x000000001ffeffff]
[    0.000000] NODE_DATA(0) allocated [mem 0x1ffeb000-0x1ffeffff]
[    0.000000] kvm-clock: Using msrs 4b564d01 and 4b564d00
[    0.000000] kvm-clock: cpu 0, msr 0:1ffe3001, primary cpu clock
[    0.000000] kvm-clock: using sched offset of 4138664241 cycles
[    0.000000] clocksource: kvm-clock: mask:0xffffffffffffffff max_cycles: 0x1cd42e4dffb, max_idle_ns: 881590591483 ns
[    0.000000] Zone ranges:
[    0.000000]   DMA      [mem 0x0000000000001000-0x0000000000ffffff]
[    0.0000]   DMA32    [mem 0x0000000001000000-0x000000001ffeffff]
[    0.000000]   Normal empty
[    0.000000]   Device   empty
[    0.000000] Movable zone start for each node
[    0.000000] Early memory ne anges
[    0.000000]   node   0: [mem 0x0000000000001000-0x000000000009efff]
[    0.000000]   node   0: [mem 0x0000000000100000-0x000000001ffeffff]
[    0.000000] Initmem setup node 0 [mem 0x0000000000001000-0x000000001ffeffff]
[    0.000000] ACPI PM-Timer IO Port: 0x4008
[    0.000000] IOAPIC[0]: apic_id 2, version 32, address 0xfec00000, GSI 0-23
[    0.000000] ACPI: INT_SRC_OVR (bus 0 bus_irq 0 global_irq 2 dfl dfl)
[    0.000000] ACPI: INT_C_OVR (bus 0 bus_irq 9 global_irq 9 low level)
[    0.000000] Using ACPI (MADT) for SMP configuration information
[    0.0000000] smpboot: Allowing 2 CPUs, 0 hotplug CPUs
[    0.000000] PM: Registered nosave memory: [mem 0x00000000-0x00000fff]
[    0.000000] PM: Registered nosave memory: [mem 0x0009f000-0x0009ffff]
[    0.000000] PM: Registered nosave memory: [mem 0x000a0000-0x000effff]
[    0.00000] M: Registerednosavmeor: mem 0x000f000x000fffff]
[    0.000000] e820: mem0x20000000-0xfebfffff] available for PCI devices
[    0.000000] Booting paravirtualized kernel on KVM
[    0.000000] clocksource: refined-jiffies: mask: 0xffffffff max_cycles: 0xffffffff, max_idle_ns: 7645519600211568 ns
[    0.000000] setup_percpu: NR_CPUS:512 nr_cpumask_bits:512 nr_cpu_ids:2 nr_node_ids:1
[    0.000000] PERCPU: Embedded 34 pages/cpu @ffff88001c00000 s99608 r8192 d31464 u1048576
[    0.000000] V qspinlock hash table entries: 256 (order: 0, 4096 bytes)
[    0.000000] Built 1 zonelists in Node order, mobility grouping on.  Total pages: 128888
[    0.000000] Policy zone: DMA32
[    0.000000] Kernel command line:: BOOT_IMAGE=/boot/vmlinuz-4.4.0-139-generic roo=LABL=clodimrotfs rocosoe=ty consolttyS0
[    0.000000] PID hash table entries: 2048 (order: 2, 16384 bytes)
[    0.000000] Memory: 481632K/523832K available (8564K kernel code, 1314K rwdata, 4004K rodata, 1528K ini, 316K bss, 42200K reserved, 0K cma-reserved)
[    0.000000] SLUB: HWalign=64, Order=0-3, MinObjects=0, CPUs=2, Nodes=1
[    0.00000] ernel/Usr age tabls isolation: enabled
[    0.000000] Hierarchical RCU implementation.
[    0.000000] 	Build-time adjustment of leaf fanot to 64.
[   0.00000] 	RCU rtricting CPUs from NR_CPUS=512 tonrcpu_ids=2.
[    0.00000 RU:Adjustin gomtry f ru_fanout_leaf=64, nr_cpu_ids=2
[    0.000000] NR_IRQS:33024 nr_irqs:440 16
[    0.000000] Console: colour VGA+ 80x25
[    0.000000] console [tty1] enabled
[    0.000000] console [ttyS0] enabled
[  0.00000] tsc: Detected 2495.998 MHz processor
[    2.408998] Calibrating delay loop (skipped) preset value.. 4991.99 BogoMIPS (lpj=9983992)
[    2.423848] pid_max: default: 32768 minimum: 301
[    2.433559] ACPI: Core revision 20150930
[    2.441077] ACPI: 2 ACPI AML tables successfully acquired and loaded
[    2.457733] Security Framework initialized
[    2.466479] Yama: becoming mindful.
[    2.473169] AppArmor: AppArmor initialized
[    2.474719] Dentry cache hash table entries: 65536 (order: 7, 524288 bytes)
[    2.477469] Inode-cache hash table entries: 32768 (order: 6, 262144 bytes)
[    2.498251] Mount-cache hash table entries: 1024 (order: 1, 8192 bytes)
[    2.501839] Mountpoint-cache hash table entries: 1024 (order: 1, 8192 bytes)
[    2.504299] Initializing cgroup subsys io
[    2.514808] Initializing cgroup subsys memory
[    2.516255] Initializing cgroup subsys devices
[    2.523431] Initializing cgroup subsys freezer
[    2.537136] Initializing cgroup subsys net_cls
[    2.538881] Initializing cgroup subsys perf_event
[    2.540232] Initializing cgroup subsys net_prio
[    2.557699] Initializing cgroup subsys hugetlb
[    2.559075] Initializing cgroup subsys pids
[    2.561416] mce: CPU supports 0 MCE banks
[    2.566505] Last level iTLB entries: 4KB 64, 2MB 8, 4MB 8
[    2.577170] Last level dTLB entries: 4KB 64, 2MB 0, 4MB 0, 1GB 4
[    2.594271] Spectre V2 : Mitigation: Full generic retpoline
[    2.623648] Spectre V2 : Spectre v2 mitigation: Speculation control IBPB not-supported IBRS not-supported
[    2.634670] Spectre V2 : Spectre v2 / SpectreRSB mitigation: Filling RSB on context switch
[    2.637942] Speculative Store Bypass: Vulnerable
[    2.643513] Freeing SMP alternatives memory: 32K
[    2.663924] ftrace: allocating 32278 entries in 127 pages
[    2.720813] smpboot: APIC(0) Converting physical 0 to logical package 0
[    2.758751] smpboot: Max logical packages: 1
[    2.777331] x2apic enabled
[    2.793552] Switched APIC routing to physical x2apic.
[    2.823695] ..TIMER: vector=0x30 apic1=0 pin1=2 apic2=-1 pin2=-1
[    2.968882] smpboot: CPU0: Intel(R) Core(TM) i7-7660U CPU @ 2.50GHz (family: 0x6, model: 0x8e, stepping: 0x9)
[    2.978932] Performance Events: unsupported p6 CPU model 142 no PMU driver, software events only.
[    3.007723] KVM setup paravirtual spinlock
[    3.015949] x86: Booting SMP configuration:
[    3.017408] .... node  #0, CPUs:      #1
[    3.024490] kvm-clock: cpu 1, msr 0:1ffe3041, secondary cpu clock
[    3.026798] mce: CPU supports 0 MCE banks
[    3.029845] x86: Booted up 1 node, 2 CPUs
[    3.042200] smpboot: Total of 2 processors activated (9983.99 BogoMIPS)
[    3.059365] devtmpfs: initialized
[    3.074895] evm: security.selinux
[    3.076343] evm: security.SMACK64
[    3.077886] evm: security.SMACK64EXEC
[    3.086681] evm: security.SMACK64TRANSMUTE
[    3.088302] evm: security.SMACK64MMAP
[    3.117854] evm: security.ima
[    3.120137] evm: security.capability
[    3.124517] clocksource: jiffies: mask: 0xffffffff max_cycles: 0xffffffff, max_idle_ns: 7645041785100000 ns
[    3.127626] futex hash table entries: 512 (order: 3, 32768 bytes)
[    3.132144] pinctrl core: initialized pinctrl subsystem
[    3.140706] RTC time: 11:08:15, date: 11/17/18
[    3.142237] NET: Registered protocol family 16
[    3.167880] cpuidle: using governor ladder
[    3.183240] cpuidle: using governor menu
[    3.205222] PCCT header not found.
[    3.237230] ACPI: bus type PCI registered
[    3.245385] acpiphp: ACPI Hot Plug PCI Controller Driver version: 0.5
[    3.249833] PCI: Using configuration type 1 for base access
[    3.263372] ACPI: Added _OSI(Module Device)
[    3.265459] ACPI: Added _OSI(Processor Device)
[    3.273555] ACPI: Added _OSI(3.0 _SCP Extensions)
[    3.302699] ACPI: Added _OSI(Processor Aggregator Device)
[    3.307580] ACPI: Executed 1 blocks of module-level executable AML code
[    3.311377] ACPI: Interpreter enabled
[    3.315715] ACPI: (supports S0 S5)
[    3.333753] ACPI: Using IOAPIC for interrupt routing
[    3.342002] PCI: Using host bridge windows from ACPI; if necessary, use "pci=nocrs" and report a bug
[    3.355931] ACPI: PCI Root Bridge [PCI0] (domain 0000 [bus 00-ff])
[    3.368742] acpi PNP0A03:00: _OSC: OS supports [ASPM ClockPM Segments MSI]
[    3.384388] acpi PNP0A03:00: _OSC: not requesting OS control; OS requires [ExtendedConfig ASPM ClockPM MSI]
[    3.406513] acpi PNP0A03:00: fail to add MMCONFIG information, can't access extended PCI configuration space under this bridge.
[    3.441937] PCI host bridge to bus 0000:00
[    3.458709] pci_bus 0000:00: root bus resource [io  0x0000-0x0cf7 window]
[    3.478508] pci_bus 0000:00: root bus resource [io  0x0d00-0xffff window]
[    3.498551] pci_bus 0000:00: root bus resource [mem 0x000a0000-0x000bffff window]
[    3.516190] pci_bus 0000:00: root bus resource [mem 0x20000000-0xfdffffff window]
[    3.532770] pci_bus 0000:00: root bus resource [bus 00-ff]
[    3.543791] pci 0000:00:01.1: legacy IDE quirk: reg 0x10: [io  0x01f0-0x01f7]
[    3.551866] pci 0000:00:01.1: legacy IDE quirk: reg 0x14: [io  0x03f6]
[    3.582117] pci 0000:00:01.1: legacy IDE quirk: reg 0x18: [io  0x0170-0x0177]
[    3.607887] pci 0000:00:01.1: legacy IDE quirk: reg 0x1c: [io  0x0376]
[    3.644964] pci 0000:00:07.0: quirk: [io  0x4000-0x403f] claimed by PIIX4 ACPI
[    3.649346] pci 0000:00:07.0: quirk: [io  0x4100-0x410f] claimed by PIIX4 SMB
[    3.665188] ACPI: PCI Interrupt Link [LNKA] (IRQs 5 9 10 *11)
[    3.671457] ACPI: PCI Interrupt Link [LNKB] (IRQs 5 9 *10 11)
[    3.683136] ACPI: PCI Interrupt Link [LNKC] (IRQs 5 *9 10 11)
[    3.699505] ACPI: PCI Interrupt Link [LNKD] (IRQs 5 9 10 *11)
[    3.711032] ACPI: Enabled 2 GPEs in block 00 to 07
[    3.715899] vgaarb: setting as boot device: PCI:0000:00:02.0
[    3.720939] vgaarb: device added: PCI:0000:00:02.0,decodes=io+mem,owns=io+mem,locks=none
[    3.731109] vgaarb: loaded
[    3.738158] vgaarb: bridge control possible 0000:00:02.0
[    3.752030] SCSI subsystem initialized
[    3.754256] ACPI: bus type USB registered
[    3.755993] usbcore: registered new interface driver usbfs
[    3.763929] usbcore: registered new interface driver hub
[    3.772181] usbcore: registered new device driver usb
[    3.779923] PCI: Using ACPI for IRQ routing
[    3.794016] NetLabel: Initializing
[    3.797276] NetLabel:  domain hash size = 128
[    3.804381] NetLabel:  protocols = UNLABELED CIPSOv4
[    3.807260] NetLabel:  unlabeled traffic allowed by default
[    3.821224] amd_nb: Cannot enumerate AMD northbridges
[    3.830638] clocksource: Switched to clocksource kvm-clock
[    3.849129] AppArmor: AppArmor Filesystem Enabled
[    3.856356] pnp: PP PI ini
[  3.991114] pnp: PnP ACPI: found 3 devices

[  4.102754] clocksource: acpi_pm: mask: 0xffffff max_cycles: 0xffffff, max_idle_ns: 2085701024 ns[   .29642] NETRegisted roocol family 2

[    4.457251] TCP established hash tablentie: 4096 (order: 3, 32768 bytes)
[  4.51568] TCP bind hash table entries: 4096 (order: 4, 65536 bytes)
[   4.621292] TCP: Hash table configured (esablished 46 bind 4096)[   .774095] UDP hash table entries: 256 (order: 1, 8192 bytes)
[   4.5321UDP-Le astable entres: 56 (order: 1, 8192 bytes)
[    5.132821] NET: Registered protocol family 1
[    5.134233] pci 0000:00:00.0: Limiting direct PCI/PCI transfers
[    5.136135] pci 0000:00:01.0: Activating ISA DMA hang workaroun
   520667] Unpacking initramfs..

[    5.517593] Freeing initrd memory: 14792K
[    5.540652] platform rtc_cmos: registered platform RTC device (no PNP device found)
[    5.603157] Scanning for low memory corruption every 60 seconds
[    5.621991] audit: initializing netlink subsys (disabled)
[    5.631954] audit: type=2000 audit(1542452900.456:1): initialized
[    5.654923] Initialise system trusted keyring
[    5.666874] HugeTLB registered 2 MB page size, pre-allocated 0 pages
[    5.673714] zbud: loaded
[    5.701734] VFS: Disk quotas dquot_6.6.0
[    5.714115] VFS: Dquot-cache hash table entries: 512 (order 0, 4096 bytes)
[    5.755231] squashfs: version 4.0 (2009/01/31) Phillip Lougher
[    5.787619] fuse init (API version 7.23)
[    5.813050] Key type big_key registered
[    5.814410] Allocating IMA MOK and blacklist keyrings.
[    5.817585] Key type asymmetric registered
[    5.819207] Asymmetric key parser 'x509' registered
[    5.821389] Block layer SCSI generic (bsg) driver version 0.4 loaded (major 249)
[    5.836324] io scheduler noop registered
[    5.843431] io scheduler deadline registered (default)
[    5.846231] io scheduler cfq registered
[    5.875638] pci_hotplug: PCI Hot Plug PCI Core version: 0.5
[    5.902155] pciehp: PCI Express Hot Plug Controller Driver version: 0.4
[    5.953530] ACPI: AC Adapter [AC] (on-line)
[    5.981757] input: Power Button as /devices/LNXSYSTM:00/LNXPWRBN:00/input/input0
[    6.005598] ACPI: Power Button [PWRF]
[    6.020763] input: Sleep Button as /devices/LNXSYSTM:00/LNXSLPBN:00/input/input1
[    6.053424] ACPI: Sleep Button [SLPF]
[    6.063795] GHES: HEST is not enabled!
[    6.087871] ACPI: Battery Slot [BAT0] (battery present)
[    6.111025] Serial: 8250/16550 driver, 32 ports, IRQ sharing enabled
[    6.153645] 00:02: ttyS0 at I/O 0x3f8 (irq = 4, base_baud = 115200) is a 16550A
[    6.186425] Linux agpgart interface v0.103
[    6.219909] loop: module loaded
[    6.224607] scsi host0: ata_piix
[    6.226190] scsi host1: ata_piix
[    6.227382] ata1: PATA max UDMA/33 cmd 0x1f0 ctl 0x3f6 bmdma 0xd000 irq 14
[    6.229196] ata2: PATA max UDMA/33 cmd 0x170 ctl 0x376 bmdma 0xd008 irq 15
[    6.234643] libphy: Fixed MDIO Bus: probed
[    6.236064] tun: Universal TUN/TAP device driver, 1.6
[    6.237376] tun: (C) 1999-2004 Max Krasnyansky <maxk@qualcomm.com>
[    6.238889] PPP generic driver version 2.4.2
[    6.240045] ehci_hcd: USB 2.0 'Enhanced' Host Controller (EHCI) Driver
[    6.241798] ehci-pci: EHCI PCI platform driver
[    6.251660] ehci-platform: EHCI generic platform driver
[    6.259432] ohci_hcd: USB 1.1 'Open' Host Controller (OHCI) Driver
[    6.264553] ohci-pci: OHCI PCI platform driver
[    6.272024] ohci-platform: OHCI generic platform driver
[    6.274954] uhci_hcd: USB Universal Host Controller Interface driver
[    6.284916] i8042: PNP: PS/2 Controller [PNP0303:PS2K,PNP0f03:PS2M] at 0x60,0x64 irq 1,12
[    6.296135] serio: i8042 KBD port at 0x60,0x64 irq 1
[    6.299082] serio: i8042 AUX port at 0x60,0x64 irq 12
[    6.303015] mousedev: PS/2 mouse device common for all mice
[    6.306627] rtc_cmos rtc_cmos: rtc core: registered rtc_cmos as rtc0
[    6.309667] rtc_cmos rtc_cmos: alarms up to one day, 114 bytes nvram
[    6.315510] input: AT Translated Set 2 keyboard as /devices/platform/i8042/serio0/input/input2
[    6.318389] i2c /dev entries driver
[    6.319611] device-mapper: uevent: version 1.0.3
[    6.320941] device-mapper: ioctl: 4.34.0-ioctl (2015-10-28) initialised: dm-devel@redhat.com
[    6.325228] ledtrig-cpu: registered to indicate activity on CPUs
[    6.327541] NET: Registered protocol family 10
[    6.335339] NET: Registered protocol family 17
[    6.356421] Key type dns_resolver registered
[    6.378406] registered taskstats version 1
[    6.394455] Loading compiled-in X.509 certificates
[    6.405048] Loaded X.509 cert 'Build time autogenerated kernel key: a88b0f663ecfd40e6a501dee2f0b211d51902e35'
[    6.441675] zswap: loaded using pool lzo/zbud
[    6.466566] Key type trusted registered
[    6.480896] Key type encrypted registered
[    6.501807] AppArmor: AppArmor sha1 policy hashing enabled
[    6.538313] ima: No TPM chip found, activating TPM-bypass!
[    6.552111] ima: Allocated hash algorithm: sha1
[    6.553286] evm: HMAC attrs: 0x1
[    6.554733] tsc: Refined TSC clocksource calibration: 2494.436 MHz
[    6.586032] clocksource: tsc: mask: 0xffffffffffffffff max_cycles: 0x23f4b1bb0e8, max_idle_ns: 440795208760 ns
[    6.631801]   Magic number: 10:538:125
[    6.647447] acpi device:00: hash matches
[    6.654771] rtc_cmos rtc_cmos: setting system clock to 2018-11-17 11:08:18 UTC (1542452898)
[    6.681758] BIOS EDD facility v0.16 2004-Jun-25, 0 devices found
[    6.715006] EDD information not available.
[    6.726022] Freeing unused kernel memory: 1528K
[    6.750847] Write protecting the kernel read-only data: 14336k
[    6.765381] Freeing unused kernel memory: 1664K
[    6.767710] Freeing unused kernel memory: 92K
Loading, please wait...
starting version 229
[    6.790853] random: systemd-udevd: uninitialized urandom read (16 bytes read, 3 bits of entropy available)
[    6.791431] random: udevadm: uninitialized urandom read (16 bytes read, 3 bits of entropy available)
[    6.791458] random: udevadm: uninitialized urandom read (16 bytes read, 3 bits of entropy available)
[    6.804459] random: udevadm: uninitialized urandom read (16 bytes read, 3 bits of entropy available)
[    6.804594] random: udevadm: uninitialized urandom read (16 bytes read, 3 bits of entropy available)
[    6.804742] random: udevadm: uninitialized urandom read (16 bytes read, 3 bits of entropy available)
[    6.804796] random: udevadm: uninitialized urandom read (16 bytes read, 3 bits of entropy available)
[    6.804845] random: udevadm: uninitialized urandom read (16 bytes read, 3 bits of entropy available)
[    6.804891] random: udevadm: uninitialized urandom read (16 bytes read, 3 bits of entropy available)
[    6.804935] random: udevadm: uninitialized urandom read (16 bytes read, 3 bits of entropy available)
[    7.081167] Fusion MPT base driver 3.04.20
[    7.082645] Copyright (c) 1999-2008 LSI Corporation
[    7.095957] e1000: Intel(R) PRO/1000 Network Driver - version 7.3.21-k8-NAPI
[    7.098155] e1000: Copyright (c) 1999-2006 Intel Corporation.
[    7.100143] Fusion MPT SPI Host driver 3.04.20
[    7.108165] mptbase: ioc0: Initiating bringup
[    7.121513] AVX2 version of gcm_enc/dec engaged.
[    7.130825] AES CTR mode by8 optimization enabled
[    7.437167] input: ImExPS/2 Generic Explorer Mouse as /devices/platform/i8042/serio1/input/input4
[    7.515214] ioc0: LSI53C1030 A0: Capabilities={Initiator}
[    7.697547] scsi host2: ioc0: LSI53C1030 A0, FwRev=00000000h, Ports=1, MaxQ=256, IRQ=20
[    7.828516] scsi 2:0:0:0: Direct-Access     VBOX     HARDDISK         1.0  PQ: 0 ANSI: 5
[    7.839956] scsi target2:0:0: Beginning Domain Validation
[    7.843558] scsi target2:0:0: Domain Validation skipping write tests
[    7.847751] scsi target2:0:0: Ending Domain Validation
[    7.849319] scsi target2:0:0: asynchronous
[    7.851602] scsi 2:0:1:0: Direct-Access     VBOX     HARDDISK         1.0  PQ: 0 ANSI: 5
[    7.855125] scsi target2:0:1: Beginning Domain Validation
[    7.858490] scsi target2:0:1: Domain Validation skipping write tests
[    7.860682] scsi target2:0:1: Ending Domain Validation
[    8.123749] scsi target2:0:1: asynchronous
[    8.139769] sd 2:0:0:0: Attached scsi generic sg0 type 0
[    8.150165] sd 2:0:0:0: [sda] 20971520 512-byte logical blocks: (10.7 GB/10.0 GiB)
[    8.157291] sd 2:0:0:0: [sda] Write Protect is off
[    8.162931] sd 2:0:0:0: [sda] Incomplete mode parameter data
[    8.162933] sd 2:0:0:0: [sda] Assuming drive cache: write through
[    8.183102] sd 2:0:1:0: Attached scsi generic sg1 type 0
[    8.238025] sd 2:0:1:0: [sdb] 20480 512-byte logical blocks: (10.5 MB/10.0 MiB)
[    8.238261] sd 2:0:1:0: [sdb] Write Protect is off
[    8.238499] sd 2:0:1:0: [sdb] Incomplete mode parameter data
[    8.238500] sd 2:0:1:0: [sdb] Assuming drive cache: write through
[    8.240967]  sda: sda1
[    8.281722] sd 2:0:0:0: [sda] Attached SCSI disk
[    8.287511] sd 2:0:1:0: [sdb] Attached SCSI disk
[    8.645229] e1000 0000:00:03.0 eth0: (PCI:33MHz:32-bit) 02:6c:0f:88:42:07
[    8.664958] e1000 0000:00:03.0 eth0: Intel(R) PRO/1000 Network Connection
[    9.148293] e1000 0000:00:08.0 eth1: (PCI:33MHz:32-bit) 08:00:27:f1:f7:03
[    9.173559] e1000 0000:00:08.0 eth1: Intel(R) PRO/1000 Network Connection
[    9.177111] e1000 0000:00:03.0 enp0s3: renamed from eth0
[    9.195299] e1000 0000:00:08.0 enp0s8: renamed from eth1
Begin: Loading e[   10.520730] md: linear personality registered for level -1
ssential drivers[   10.531464] md: multipath personality registered for level -4
 ... [   10.560441] md: raid0 personality registered for level 0
[   10.575332] md: raid1 personality registered for level 1
[   10.650890] raid6: sse2x1   gen() 12381 MB/s
[   10.738727] raid6: sse2x1   xor()  8563 MB/s
[   10.810854] raid6: sse2x2   gen()  9868 MB/s
[   10.878892] raid6: sse2x2   xor() 10961 MB/s
[   10.982850] raid6: sse2x4   gen() 17246 MB/s
[   11.066665] raid6: sse2x4   xor() 11687 MB/s
[   11.150860] raid6: avx2x1   gen() 25892 MB/s
[   11.222806] raid6: avx2x2   gen() 28137 MB/s
[   11.306688] raid6: avx2x4   gen() 30119 MB/s
[   11.308123] raid6: using algorithm avx2x4 gen() 30119 MB/s
[   11.309833] raid6: using avx2x2 recovery algorithm
[   11.312944] xor: automatically using best checksumming function:
[   11.355113]    avx       : 27293.000 MB/sec
[   11.365032] async_tx: api initialized (async)
[   11.398785] md: raid6 personality registered for level 6
[   11.409656] md: raid5 personality registered for level 5
[   11.416398] md: raid4 personality registered for level 4
[   11.449834] md: raid10 personality registered for level 10
done.
Begin: Running /scripts/init-premount ... done.
Begin: Mounting root file system ... Begin: Running /scripts/local-top ... done.
Begin: Running /scripts/local-premount ... [   11.486161] Btrfs loaded
Scanning for Btrfs filesystems
done.
Warning: fsck not present, so skipping root file system
[   11.555383] EXT4-fs (sda1): mounted filesystem with ordered data mode. Opts: (null)
done.
Begin: Running /scripts/local-bottom ... done.
Begin: Running /scripts/init-bottom ... done.
[   11.687950] systemd[1]: systemd 229 running in system mode. (+PAM +AUDIT +SELINUX +IMA +APPARMOR +SMACK +SYSVINIT +UTMP +LIBCRYPTSETUP +GCRYPT +GNUTLS +ACL +XZ -LZ4 +SECCOMP +BLKID +ELFUTILS +KMOD -IDN)
[   11.719186] systemd[1]: Detected virtualization oracle.
[   11.731230] systemd[1]: Detected architecture x86-64.

Welcome to [1mUbuntu 16.04.5 LTS[0m!

[   11.784356] systemd[1]: Set hostname to <ubuntu>.
[   11.804385] systemd[1]: Initializing machine ID from random generator.
[   11.815635] systemd[1]: Installed transient /etc/machine-id file.
[   12.024580] systemd[1]: Set up automount Arbitrary Executable File Formats File System Automount Point.
[[0;32m  OK  [0m] Set up automount Arbitrary Executab...ats File System Automount Point.
[   12.069414] systemd[1]: Listening on udev Kernel Socket.
[[0;32m  OK  [0m] Listening on udev Kernel Socket.
[   12.107949] systemd[1]: Created slice User and Session Slice.
[[0;32m  OK  [0m] Created slice User and Session Slice.
[   12.111836] systemd[1]: Listening on Journal Socket.
[[0;32m  OK  [0m] Listening on Journal Socket.
[   12.116268] systemd[1]: Reached target System Time Synchronized.
[[0;32m  OK  [0m] Reached target System Time Synchronized.
[   12.147030] systemd[1]: Listening on Journal Audit Socket.
[[0;32m  OK  [0m] Listening on Journal Audit Socket.
[   12.228414] systemd[1]: Listening on Journal Socket (/dev/log).
[[0;32m  OK  [0m] Listening on Journal Socket (/dev/log).
[   12.287303] systemd[1]: Created slice System Slice.
[[0;32m  OK  [0m] Created slice System Slice.
[   12.367596] systemd[1]: Starting Load Kernel Modules...
[   12.379146] Loading iSCSI transport class v2.0-870.
         Starting Load Kernel Modules...
[   12.388799] iscsi: registered transport (tcp)
[   12.396296] systemd[1]: Created slice system-serial\x2dgetty.slice.
[[0;32m  OK  [0m] Created slice system-serial\x2dgetty.slice.
[   12.402557] systemd[1]: Mounting POSIX Message Queue File System...
         Mounting POSIX Message [   12.420155] iscsi: registered transport (iser)
Queue File System...
[   12.444962] systemd[1]: Reached target Slices.
[[0;32m  OK  [0m] Reached target Slices.
[   12.515219] systemd[1]: Mounting Huge Pages File System...
         Mounting Huge Pages File System...
[   12.551462] systemd[1]: Starting Set console keymap...
         Starting Set console keymap...
[   12.619245] systemd[1]: Mounting Debug File System...
         Mounting Debug File System...
[   12.651777] systemd[1]: Listening on Device-mapper event daemon FIFOs.
[[0;32m  OK  [0m] Listening on Device-mapper event daemon FIFOs.
[   12.759384] systemd[1]: Starting Uncomplicated firewall...
[   12.761588] random: nonblocking pool is initialized
         Starting Uncomplicated firewall...
[   12.816850] systemd[1]: Listening on LVM2 metadata daemon socket.
[[0;32m  OK  [0m] Listening on LVM2 metadata daemon socket.
[   12.879414] systemd[1]: Started Trigger resolvconf update for networkd DNS.
[[0;32m  OK  [0m] Started Trigger resolvconf update for networkd DNS.
[   12.938397] systemd[1]: Reached target Encrypted Volumes.
[[0;32m  OK  [0m] Reached target Encrypted Volumes.
[   12.948632] systemd[1]: Listening on udev Control Socket.
[[0;32m  OK  [0m] Listening on udev Control Socket.
[   12.951892] systemd[1]: Reached target Swap.
[[0;32m  OK  [0m] Reached target Swap.
[   12.965392] systemd[1]: Listening on LVM2 poll daemon socket.
[[0;32m  OK  [0m] Listening on LVM2 poll daemon socket.
[   12.973451] systemd[1]: Listening on Syslog Socket.
[[0;32m  OK  [0m] Listening on Syslog Socket.
[   12.999001] systemd[1]: Starting Journal Service...
         Starting Journal Service...
[   13.033343] systemd[1]: Started Forward Password Requests to Wall Directory Watch.
[[0;32m  OK  [0m] Started Forward Password Requests to Wall Directory Watch.
[   13.042790] systemd[1]: Reached target User and Group Name Lookups.
[[0;32m  OK  [0m] Reached target User and Group Name Lookups.
[   13.048917] systemd[1]: Listening on /dev/initctl Compatibility Named Pipe.
[[0;32m  OK  [0m] Listening on /dev/initctl Compatibility Named Pipe.
[   13.091444] systemd[1]: Starting Nameserver information manager...
         Starting Nameserver information manager...
[   13.195415] systemd[1]: Starting Monitoring of LVM2 mirrors, snapshots etc. using dmeventd or progress polling...
         Starting Monitoring of LVM2 mirrors... dmeventd or progress polling...
[   13.247357] systemd[1]: Starting Create list of required static device nodes for the current kernel...
         Starting Create list of required st... nodes for the current kernel...
[   13.383589] systemd[1]: Starting Remount Root and Kernel File Systems...
[   13.389838] EXT4-fs (sda1): re-mounted. Opts: (null)
         Starting Remount Root and Kernel File Systems...
[   13.428181] systemd[1]: Mounted Huge Pages File System.
[[0;32m  OK  [0m] Mounted Huge Pages File System.
[   13.535285] systemd[1]: Mounted POSIX Message Queue File System.
[[0;32m  OK  [0m] Mounted POSIX Message Queue File System.
[   13.599893] systemd[1]: Mounted Debug File System.
[[0;32m  OK  [0m] Mounted Debug File System.
[   13.624112] systemd[1]: Started Journal Service.
[[0;32m  OK  [0m] Started Journal Service.
[[0;32m  OK  [0m] Started Load Kernel Modules.
[[0;32m  OK  [0m] Started Set console keymap.
[[0;32m  OK  [0m] Started Uncomplicated firewall.
[[0;32m  OK  [0m] Started Create list of required sta...ce nodes for the current kernel.
[[0;32m  OK  [0m] Started Remount Root and Kernel File Systems.
[[0;32m  OK  [0m] Started Nameserver information manager.
[[0;32m  OK  [0m] Started LVM2 metadata daemon.
         Starting Load/Save Random Seed...
         Starting udev Coldplug all Devices...
         Starting Create Static Device Nodes in /dev...
         Mounting FUSE Control File System...
         Starting Apply Kernel Variables...
         Starting Flush Journal to Persistent Storage...
[[0;32m  OK  [0m] Mounted FUSE Control File System.
[[0;32m  OK  [0m] Started Load/Save Random Seed.
[[0;32m  OK  [0m] Started Create Static Device Nodes in /dev.
[[0;32m  OK  [0m] Started Apply Kernel Variables.
[[0;32m  OK  [0m] Started udev Coldplug all Devices.
[[0;32m  OK  [0m] Started Flush Journal to Persistent Storage.
         Starting udev Kernel Device Manager...
[[0;32m  OK  [0m] Started udev Kernel Device Manager.
[[0;32m  OK  [0m] Started Dispatch Password Requests to Console Directory Watch.
[[0;32m  OK  [0m] Found device /dev/ttyS0.
[[0;32m  OK  [0m] Started Monitoring of LVM2 mirrors,...ng dmeventd or progress polling.
[[0;32m  OK  [0m] Reached target Local File Systems (Pre).
[[0;32m  OK  [0m] Reached target Local File Systems.
         Starting Tell Plymouth To Write Out Runtime Data...
         Starting LSB: AppArmor initialization...
         Starting Create Volatile Files and Directories...
         Starting Commit a transient machine-id on disk...
         Starting Set console font and keymap...
         Starting Initial cloud-init job (pre-networking)...
[[0;32m  OK  [0m] Started Tell Plymouth To Write Out Runtime Data.
[[0;32m  OK  [0m] Started Create Volatile Files and Directories.
[[0;32m  OK  [0m] Started Commit a transient machine-id on disk.
[[0;32m  OK  [0m] Listening on Load/Save RF Kill Switch Status /dev/rfkill Watch.
         Starting Update UTMP about System Boot/Shutdown...
[[0;32m  OK  [0m] Started LSB: AppArmor initialization.
[[0;32m  OK  [0m] Started Update UTMP about System Boot/Shutdown.
[   12.063241] cloud-init[528]: Cloud-init v. 18.4-0ubuntu1~16.04.2 running 'init-local' at Sat, 17 Nov 2018 11:08:26 +0000. Up 11.73 seconds.
[[0;32m  OK  [0m] Started Initial cloud-init job (pre-networking).
[[0;32m  OK  [0m] Reached target Network (Pre).
         Starting Raise network interfaces...
[[0;32m  OK  [0m] Started Set console font and keymap.
[[0;32m  OK  [0m] Created slice system-getty.slice.
[[0;32m  OK  [0m] Started Raise network interfaces.
         Starting Initial cloud-init job (metadata service crawler)...
[[0;32m  OK  [0m] Reached target Network.
[   13.205248] cloud-init[931]: Cloud-init v. 18.4-0ubuntu1~16.04.2 running 'init' at Sat, 17 Nov 2018 11:08:27 +0000. Up 12.79 seconds.
[   13.261075] cloud-init[931]: ci-info: ++++++++++++++++++++++++++++++++++++++Net device info++++++++++++++++++++++++++++++++++++++
[   13.262192] cloud-init[931]: ci-info: +--------+-------+---------------------------+---------------+--------+-------------------+
[[0;32m  OK  [0m] Started Initial cloud-init job (metadata service crawler).
[   13.262455] cloud-init[931]: ci-info: | Device |   Up  |          Address          |      Mask     | Scope  |     Hw-Address    |
[   13.455176] cloud-init[931]: ci-info: +--------+-------+---------------------------+---------------+--------+-------------------+
[   13.455955] cloud-init[931]: ci-info: | enp0s3 |  True |         10.0.2.15         | 255.255.255.0 | global | 02:6c:0f:88:42:07 |
[   13.456990] cloud-init[931]: ci-info: | enp0s3 |  True | fe80::6c:fff:fe88:4207/64 |       .       |  link  | 02:6c:0f:88:42:07 |
[   13.457492] cloud-init[931]: ci-info: | enp0s8 | False |             .             |       .       |   .    | 08:00:27:f1:f7:03 |
[   13.457986] cloud-init[931]: ci-info: |   lo   |  True |         127.0.0.1         |   255.0.0.0   |  host  |         .         |
[   13.458477] cloud-init[931]: ci-info: |   lo   |  True |          ::1/128          |       .       |  host  |         .         |
[   13.458974] cloud-init[931]: ci-info: +--------+-------+---------------------------+---------------+--------+-------------------+
[   13.459471] cloud-init[931]: ci-info: +++++++++++++++++++++++++++Route IPv4 info++++++++++++++++++++++++++++
[   13.459986] cloud-init[931]: ci-info: +-------+-------------+----------+---------------+-----------+-------+
[   13.460502] cloud-init[931]: ci-info: | Route | Destination | Gateway  |    Genmask    | Interface | Flags |
[   13.460863] cloud-init[931]: ci-info: +-------+-------------+----------+---------------+-----------+-------+
[   13.461245] cloud-init[931]: ci-info: |   0   |   0.0.0.0   | 10.0.2.2 |    0.0.0.0    |   enp0s3  |   UG  |
[[0;32m  OK  [0m] Reached target Cloud-config availability.
[   13.461804] cloud-init[931]: ci-info: |   1   |   10.0.2.0  | 0.0.0.0  | 255.255.255.0 |   enp0s3  |   U   |
[   14.085848] cloud-init[931]: ci-info: +-------+-------------+----------+---------------+-----------+-------+
[[0;32m  OK  [0m] Reached target System Initialization.
[   14.086280] cloud-init[931]: ci-info: +++++++++++++++++++Route IPv6 info+++++++++++++++++++
[   14.161900] cloud-init[931]: ci-info: +-------+-------------+---------+-----------+-------+
[   14.162514] cloud-init[931]: ci-info: | Route | Destination | Gateway | Interface | Flags |
[   14.162903] cloud-init[931]: ci-info: +-------+-------------+---------+-----------+-------+
[   14.163265] cloud-init[931]: ci-info: |   0   |  fe80::/64  |    ::   |   enp0s3  |   U   |
[   14.163755] cloud-init[931]: ci-info: |   3   |   ff00::/8  |    ::   |   enp0s3  |   U   |
[[0;32m  OK  [0m] Started Daily apt download activities.
[   14.164476] cloud-init[931]: ci-info: +-------+-------------+---------+-----------+-------+
[   14.419003] cloud-init[931]: Generating public/private rsa key pair.
[   14.419309] cloud-init[931]: Your identification has been saved in /etc/ssh/ssh_host_rsa_key.
[   14.419718] cloud-init[931]: Your public key has been saved in /etc/ssh/ssh_host_rsa_key.pub.
[   14.420501] cloud-init[931]: The key fingerprint is:
[   14.420965] cloud-init[931]: SHA256:sH3QzrK5seu01vtrALoTQyVi53KBzeWXBCpADET9GIQ root@ubuntu-xenial
[   14.421260] cloud-init[931]: The key's randomart image is:
[   14.421540] cloud-init[931]: +---[RSA 2048]----+
[   14.421818] cloud-init[931]: |+**. + .o..      |
[   14.422099] cloud-init[931]: | E.++ *o.o .     |
[   14.422381] cloud-init[931]: |   .=+o+o +      |
[   14.422687] cloud-init[931]: |   ..o++.=       |
[   14.422970] cloud-init[931]: |     +..S.+      |
[   14.423240] cloud-init[931]: |      +  =.      |
[   14.423519] cloud-init[931]: |       +=. .     |
[   14.423798] cloud-init[931]: |      o..=. .    |
[   14.424364] cloud-init[931]: |       +*..+o.   |
[   14.424642] cloud-init[931]: +----[SHA256]-----+
[   14.424929] cloud-init[931]: Generating public/private dsa key pair.
[   14.425205] cloud-init[931]: Your identification has been saved in /etc/ssh/ssh_host_dsa_key.
[   14.425487] cloud-init[931]: Your public key has been saved in /etc/ssh/ssh_host_dsa_key.pub.
[   14.425765] cloud-init[931]: The key fingerprint is:
[   14.426043] cloud-init[931]: SHA256:1dXvEcG1uxN9mFwMPtEKPVF6jSnw+BSoc/whKpMM1bA root@ubuntu-xenial
[   14.426325] cloud-init[931]: The key's randomart image is:
[   14.426603] cloud-init[931]: +---[DSA 1024]----+
[   14.427015] cloud-init[931]: |      .o  ....**=|
[   14.427406] cloud-init[931]: |      ... .=.+oX=|
[   14.427799] cloud-init[931]: |     .E  oo =.*+B|
[   14.428678] cloud-init[931]: |    .   o.+o.o.B+|
[   14.429073] cloud-init[931]: |     o .S+ o..+++|
[   14.429425] cloud-init[931]: |      = .   .   =|
[   14.429778] cloud-init[931]: |       o       o |
[   14.430175] cloud-init[931]: |                .|
[   14.430224] cloud-init[931]: |                 |
[   14.430603] cloud-init[931]: +----[SHA256]-----+
[   14.430960] cloud-init[931]: Generating public/private ecdsa key pair.
[   14.431347] cloud-init[931]: Your identification has been saved in /etc/ssh/ssh_host_ecdsa_key.
[   14.431687] cloud-init[931]: Your public key has been saved in /etc/ssh/ssh_host_ecdsa_key.pub.
[[0;32m  OK  [0m] Started Daily Cleanup of Temporary Directories.
[[   14.431731] cloud-init[931]: The key fingerprint is:
[   15.267909] cloud-init[931]: SHA256:wF//Jy5lDhtsJ3DHc+wMHxlpT0OHA6XvdVVSGj3zFss root@ubuntu-xenial
[0;32m  OK  [0m] Listening on UUID daemon activation socket.
[   15.268524] cloud-init[931]: The key's randomart image is:
[   15.289289] cloud-init[931]: +---[ECDSA 256]---+
[   15.290119] cloud-init[931]: |            .o===|
         Starting LXD - unix socket.
[   15.290542] cloud-init[931]: |     .       .o%=|
[[0;32m  OK  [0m] Listening on D-Bus System Message Bus Socket.
[   15.314290] cloud-init[931]: |      o   . ..++%|
[   15.353076] cloud-init[931]: |       o .....=EB|
[   15.353635] cloud-init[931]: |        S  +...O+|
         Starting Socket activation for snappy daemon.
[   15.354031] cloud-init[931]: |            *o+.=|
[   15.377892] cloud-init[931]: |           . X+ .|
[   15.378882] cloud-init[931]: |            o..o |
[   15.379429] cloud-init[931]: |             ..  |
[[0;32m  OK  [0m] Started ACPI Events Check.[   15.380563] 
cloud-init[931]: +----[SHA256]-----+
[   15.380694] cloud-init[931]: Generating public/private ed25519 key pair.
[[   15.409811] cloud-init[931]: Your identification has been saved in /etc/ssh/ssh_host_ed25519_key.
[   15.411295] cloud-init[931]: Your public key has been saved in /etc/ssh/ssh_host_ed25519_key.pub.
[   15.411557] cloud-init[931]: The key fingerprint is:
[   15.411606] cloud-init[931]: SHA256:oORcK746a1ov0tvV1EzjIBMPBaGkAmeUDJzigLr/xyA root@ubuntu-xenial
[0;32m  OK  [0m] Reached target Paths.
[   15.411652] cloud-init[931]: The key's randomart image is:
[   15.449835] cloud-init[931]: +--[ED25519 256]--+
[   15.450357] cloud-init[931]: |=+=.. =+.        |
[   15.450671] cloud-init[931]: |==oo . +         |
[   15.451227] cloud-init[931]: |* . o = o o      |
[   15.451373] cloud-init[931]: |.o + o = * .     |
[   15.451677] cloud-init[931]: | .  = . S +      |
[   15.452032] cloud-init[931]: |. E... o         |
[   15.452308] cloud-init[931]: | o...o. .        |
[   15.452613] cloud-init[931]: |..*o oo          |
[   15.452921] cloud-init[931]: |.++B=.           |
[   15.453228] cloud-init[931]: +----[SHA256]-----+
[[0;32m  OK  [0m] Listening on ACPID Listen Socket.
[[0;32m  OK  [0m] Started Daily apt upgrade and clean activities.
[[0;32m  OK  [0m] Reached target Timers.
[[0;32m  OK  [0m] Reached target Network is Online.
         Starting iSCSI initiator daemon (iscsid)...
[[0;32m  OK  [0m] Listening on LXD - unix socket.
[[0;32m  OK  [0m] Listening on Socket activation for snappy daemon.
[[0;32m  OK  [0m] Started iSCSI initiator daemon (iscsid).
         Starting Login to default iSCSI targets...
[[0;32m  OK  [0m] Reached target Sockets.
[[0;32m  OK  [0m] Reached target Basic System.
         Starting Virtualbox guest utils...
[[0;32m  OK  [0m] Started D-Bus System Message Bus.
[[0;32m  OK  [0m] Started Deferred execution scheduler.
[[0;32m  OK  [0m] Started Regular background program processing daemon.
         Starting /etc/rc.local Compatibility...
[[0;32m  OK  [0m] Started FUSE filesystem for LXC.
         Starting LSB: Record successful boot for GRUB...
         Starting System Logging Service...
[[0;32m  OK  [0m] Started ACPI event daemon.
         Starting LSB: MD monitoring daemon...
[[0;32m  OK  [0m] Started Unattended Upgrades Shutdown.
         Starting Accounts Service...
         Starting Snappy daemon...
         Starting Login Service...
         Starting Pollinate to seed the pseudo random number generator...
         Starting LXD - container startup/shutdown...
[[0;32m  OK  [0m] Started System Logging Service.
[[0;32m  OK  [0m] Started /etc/rc.local Compatibility.
[[0;32m  OK  [0m] Started Login to default iSCSI targets.
[[0;32m  OK  [0m] Started Snappy daemon.
         Starting Authenticate and Authorize Users to Run Privileged Tasks...
         Starting Wait until snapd is fully seeded...
[[0;32m  OK  [0m] Reached target Remote File Systems (Pre).
[[0;32m  OK  [0m] Reached target Remote File Systems.
         Starting LSB: Set the CPU Frequency Scaling governor to "ondemand"...
         Starting Permit User Sessions...
         Starting LSB: daemon to balance interrupts for SMP systems...
         Starting LSB: automatic crash report generation...
[[0;32m  OK  [0m] Started Virtualbox guest utils.
[[0;32m  OK  [0m] Started LSB: Record successful boot for GRUB.
[[0;32m  OK  [0m] Started LSB: MD monitoring daemon.
[[0;32m  OK  [0m] Started LXD - container startup/shutdown.
[[0;32m  OK  [0m] Started Permit User Sessions.
[[0;32m  OK  [0m] Started Login Service.
[[0;32m  OK  [0m] Started Authenticate and Authorize Users to Run Privileged Tasks.
[[0;32m  OK  [0m] Started Accounts Service.
[[0;32m  OK  [0m] Started LSB: Set the CPU Frequency Scaling governor to "ondemand".
[[0;32m  OK  [0m] Started LSB: daemon to balance interrupts for SMP systems.
[[0;32m  OK  [0m] Started LSB: automatic crash report generation.
         Starting Hold until boot process finishes up...
         Starting Terminate Plymouth Boot Screen...
[[0;32m  OK  [0m] Started Hold until boot process finishes up.
[[0;32m  OK  [0m] Started Terminate Plymouth Boot Screen.
[[0;32m  OK  [0m] Started Serial Getty on ttyS0.
[[0;32m  OK  [0m] Started Getty on tty1.
[[0;32m  OK  [0m] Reached target Login Prompts.
         Starting Set console scheme...
[[0;32m  OK  [0m] Started Pollinate to seed the pseudo random number generator.
[[0;32m  OK  [0m] Started Set console scheme.
         Starting OpenBSD Secure Shell server...
[[0;32m  OK  [0m] Started OpenBSD Secure Shell server.
[[0;32m  OK  [0m] Created slice User Slice of vagrant.
         Starting User Manager for UID 1000...
[[0;32m  OK  [0m] Started Session 1 of user vagrant.
[[0;32m  OK  [0m] Started User Manager for UID 1000.
[[0;32m  OK  [0m] Started Wait until snapd is fully seeded.
         Starting Apply the settings specified in cloud-config...
[[0;32m  OK  [0m] Reached target Multi-User System.
[[0;32m  OK  [0m] Reached target Graphical Interface.
         Starting Update UTMP about System Runlevel Changes...
[[0;32m  OK  [0m] Started Update UTMP about System Runlevel Changes.
[   17.758871] cloud-init[1309]: Generating locales (this might take a while)...
[[0;32m  OK  [0m] Started Session 2 of user vagrant.
[   18.566221] cloud-init[1309]:   en_US.UTF-8... done
[   18.569393] cloud-init[1309]: Generation complete.
[   18.895139] cloud-init[1309]: Cloud-init v. 18.4-0ubuntu1~16.04.2 running 'modules:config' at Sat, 17 Nov 2018 11:08:32 +0000. Up 17.66 seconds.
[[0;32m  OK  [0m] Started Apply the settings specified in cloud-config.
         Starting Execute cloud user/final scripts...
ci-info: no authorized ssh keys fingerprints found for user ubuntu.
<14>Nov 17 11:08:34 ec2: 
<14>Nov 17 11:08:34 ec2: #############################################################
<14>Nov 17 11:08:34 ec2: -----BEGIN SSH HOST KEY FINGERPRINTS-----
<14>Nov 17 11:08:34 ec2: 1024 SHA256:1dXvEcG1uxN9mFwMPtEKPVF6jSnw+BSoc/whKpMM1bA root@ubuntu-xenial (DSA)
<14>Nov 17 11:08:34 ec2: 256 SHA256:wF//Jy5lDhtsJ3DHc+wMHxlpT0OHA6XvdVVSGj3zFss root@ubuntu-xenial (ECDSA)
<14>Nov 17 11:08:34 ec2: 256 SHA256:oORcK746a1ov0tvV1EzjIBMPBaGkAmeUDJzigLr/xyA root@ubuntu-xenial (ED25519)
<14>Nov 17 11:08:34 ec2: 2048 SHA256:sH3QzrK5seu01vtrALoTQyVi53KBzeWXBCpADET9GIQ root@ubuntu-xenial (RSA)
<14>Nov 17 11:08:34 ec2: -----END SSH HOST KEY FINGERPRINTS-----
<14>Nov 17 11:08:34 ec2: #############################################################
-----BEGIN SSH HOST KEY KEYS-----
ecdsa-sha2-nistp256 AAAAE2VjZHNhLXNoYTItbmlzdHAyNTYAAAAIbmlzdHAyNTYAAABBBJVlyoCh1wSUDqkdy9xm4EOl8eOGL5JEcGJCQXvKs5i0weM4SuiKrJC05VRjVimWPkjhSUYpT2p0G+niHs9znZc= root@ubuntu-xenial
ssh-ed25519 AAAAC3NzaC1lZDI1NTE5AAAAIMguCp48R875KzBakjYGqeCey3z1huv8NaEfz8vmk509 root@ubuntu-xenial
ssh-rsa AAAAB3NzaC1yc2EAAAADAQABAAABAQCk1xb2YIgT7Aod/4Iry68o38vPSWPPEFUeJe1iY0Gs15t0s963ngIHbnY/e7FrApGUMcurfPWqjCivtghwA7g8TSxPmzSmT7fJaNeEtNa/8pD1WqMfLVo4n/+q1VfwynLN4pOZ7aWNx67FmozNF3PX9OEnWOdUjTGStqq0HtiTfcFw4VhPtqwn2SYn45YmWgX1J/x+oY/X2lAa5ZrOc5kfrYoM1nhSToz0HVjjP+vontDcQz8eO84jxCqK97DOm6k+YGFjvy4Ay3FOlfLUDP0ppiIDyO4C8XJQUtlFFFYsuTbVuIR/kWRomjhTSfPMYPoehrgMkNG51CvhhhOHH+qr root@ubuntu-xenial
-----END SSH HOST KEY KEYS-----
[   19.821301] cloud-init[1527]: Cloud-init v. 18.4-0ubuntu1~16.04.2 running 'modules:final' at Sat, 17 Nov 2018 11:08:34 +0000. Up 19.19 seconds.
[   19.908916] cloud-init[1527]: ci-info: no authorized ssh keys fingerprints found for user ubuntu.
[   19.909435] cloud-init[1527]: Cloud-init v. 18.4-0ubuntu1~16.04.2 finished at Sat, 17 Nov 2018 11:08:34 +0000. Datasource DataSourceNoCloud [seed=/dev/sdb][dsmode=net].  Up 19.81 seconds
         Starting Hostname Service...
[[0;32m  OK  [0m] Started Execute cloud user/final scripts.
[[0;32m  OK  [0m] Started Hostname Service.
[[0;32m  OK  [0m] Reached target Cloud-init target.

Ubuntu 16.04.5 LTS appserver ttyS0

appserver login: 